<?xml version="1.0" encoding="UTF-8"?>
<!-- Generated by org.testng.reporters.JUnitReportReporter -->
<testsuite hostname="DESKTOP-RT4P2IR" failures="0" tests="1" name="testObject.sing_up" time="14.601" errors="0" timestamp="23 Oct 2021 02:28:43 GMT">
  <testcase classname="testObject.sing_up" name="singUp" time="14.601"/>
</testsuite> <!-- testObject.sing_up -->
