<?xml version="1.0" encoding="UTF-8"?>
<!-- Generated by org.testng.reporters.JUnitReportReporter -->
<testsuite hostname="DESKTOP-RT4P2IR" failures="0" tests="1" name="testObject.log_in_test" time="6.015" errors="0" timestamp="23 Oct 2021 02:28:43 GMT">
  <testcase classname="testObject.log_in_test" name="login" time="6.015"/>
</testsuite> <!-- testObject.log_in_test -->
