<?xml version="1.0" encoding="UTF-8"?>
<!-- Generated by org.testng.reporters.JUnitReportReporter -->
<testsuite hostname="DESKTOP-RT4P2IR" failures="0" tests="1" name="testObject.sing_up" time="1.680" errors="0" timestamp="27 Oct 2021 20:48:56 GMT">
  <testcase classname="testObject.sing_up" name="singUp" time="1.680"/>
</testsuite> <!-- testObject.sing_up -->
