<?xml version="1.0" encoding="UTF-8"?>
<!-- Generated by org.testng.reporters.JUnitReportReporter -->
<testsuite hostname="DESKTOP-RT4P2IR" failures="0" tests="1" name="testObject.log_in_test" time="5.797" errors="0" timestamp="22 Oct 2021 20:42:16 GMT">
  <testcase classname="testObject.log_in_test" name="login" time="5.797"/>
</testsuite> <!-- testObject.log_in_test -->
