<?xml version="1.0" encoding="UTF-8"?>
<!-- Generated by org.testng.reporters.JUnitReportReporter -->
<testsuite hostname="DESKTOP-RT4P2IR" failures="0" tests="3" name="testObject.validate_home" time="2.189" errors="0" timestamp="2 Sep 2021 13:34:31 GMT">
  <testcase classname="testObject.validate_home" name="burgerMenuDispleyed" time="2.112"/>
  <testcase classname="testObject.validate_home" name="pageDispalyed" time="0.011"/>
  <testcase classname="testObject.validate_home" name="objectsDisplayed" time="0.066"/>
</testsuite> <!-- testObject.validate_home -->
