<?xml version="1.0" encoding="UTF-8"?>
<!-- Generated by org.testng.reporters.JUnitReportReporter -->
<testsuite hostname="DESKTOP-RT4P2IR" failures="0" tests="1" name="testObject.log_in_test" time="2.060" errors="0" timestamp="2 Sep 2021 12:38:32 GMT">
  <testcase classname="testObject.log_in_test" name="login" time="2.060"/>
</testsuite> <!-- testObject.log_in_test -->
